<?xml version="1.0" encoding="UTF-8"?>
<!-- Generated by org.testng.reporters.JUnitReportReporter -->
<testsuite hostname="DESKTOP-GURKCGD" failures="0" tests="18" name="com.nopcommerce.account.Account_01_Register" time="19.340" errors="0" timestamp="22 Oct 2024 08:04:36 GMT" skipped="0">
  <testcase classname="com.nopcommerce.account.Account_01_Register" name="Register_01_Empty" time="1.792"/>
  <testcase classname="com.nopcommerce.account.Account_01_Register" name="Register_06_Not_Matching_Password" time="0.668"/>
  <testcase classname="com.nopcommerce.account.Account_01_Register" name="Register_03_Successful" time="3.623"/>
  <testcase classname="com.nopcommerce.account.Account_01_Register" name="Register_01_Empty" time="0.401"/>
  <testcase classname="com.nopcommerce.account.Account_01_Register" name="Register_05_Password_Less_Than_6_Characters" time="1.049"/>
  <testcase classname="com.nopcommerce.account.Account_01_Register" name="Register_05_Password_Less_Than_6_Characters" time="0.820"/>
  <testcase classname="com.nopcommerce.account.Account_01_Register" name="Register_02_Invalid_Email" time="0.782"/>
  <testcase classname="com.nopcommerce.account.Account_01_Register" name="Register_04_Existing_Email" time="0.828"/>
  <testcase classname="com.nopcommerce.account.Account_01_Register" name="Register_05_Password_Less_Than_6_Characters" time="0.752"/>
  <testcase classname="com.nopcommerce.account.Account_01_Register" name="Register_01_Empty" time="0.340"/>
  <testcase classname="com.nopcommerce.account.Account_01_Register" name="Register_02_Invalid_Email" time="0.904"/>
  <testcase classname="com.nopcommerce.account.Account_01_Register" name="Register_04_Existing_Email" time="0.655"/>
  <testcase classname="com.nopcommerce.account.Account_01_Register" name="Register_06_Not_Matching_Password" time="1.675"/>
  <testcase classname="com.nopcommerce.account.Account_01_Register" name="Register_04_Existing_Email" time="0.630"/>
  <testcase classname="com.nopcommerce.account.Account_01_Register" name="Register_02_Invalid_Email" time="1.235"/>
  <testcase classname="com.nopcommerce.account.Account_01_Register" name="Register_03_Successful" time="1.215"/>
  <testcase classname="com.nopcommerce.account.Account_01_Register" name="Register_03_Successful" time="1.238"/>
  <testcase classname="com.nopcommerce.account.Account_01_Register" name="Register_06_Not_Matching_Password" time="0.733"/>
</testsuite> <!-- com.nopcommerce.account.Account_01_Register -->
