<?xml version="1.0" encoding="UTF-8"?>
<!-- Generated by org.testng.reporters.JUnitReportReporter -->
<testsuite hostname="DESKTOP-GURKCGD" failures="0" tests="18" name="com.nopcommerce.account.Account_01_Register" time="16.136" errors="0" timestamp="15 Oct 2024 03:26:49 GMT" skipped="0">
  <testcase classname="com.nopcommerce.account.Account_01_Register" name="Register_02_Invalid_Email" time="0.740"/>
  <testcase classname="com.nopcommerce.account.Account_01_Register" name="Register_01_Empty" time="0.699"/>
  <testcase classname="com.nopcommerce.account.Account_01_Register" name="Register_05_Password_Less_Than_6_Characters" time="0.991"/>
  <testcase classname="com.nopcommerce.account.Account_01_Register" name="Register_03_Successful" time="1.240"/>
  <testcase classname="com.nopcommerce.account.Account_01_Register" name="Register_05_Password_Less_Than_6_Characters" time="0.827"/>
  <testcase classname="com.nopcommerce.account.Account_01_Register" name="Register_06_Not_Matching_Password" time="0.721"/>
  <testcase classname="com.nopcommerce.account.Account_01_Register" name="Register_06_Not_Matching_Password" time="0.756"/>
  <testcase classname="com.nopcommerce.account.Account_01_Register" name="Register_03_Successful" time="1.283"/>
  <testcase classname="com.nopcommerce.account.Account_01_Register" name="Register_04_Existing_Email" time="0.710"/>
  <testcase classname="com.nopcommerce.account.Account_01_Register" name="Register_03_Successful" time="1.557"/>
  <testcase classname="com.nopcommerce.account.Account_01_Register" name="Register_01_Empty" time="0.352"/>
  <testcase classname="com.nopcommerce.account.Account_01_Register" name="Register_01_Empty" time="0.342"/>
  <testcase classname="com.nopcommerce.account.Account_01_Register" name="Register_04_Existing_Email" time="0.826"/>
  <testcase classname="com.nopcommerce.account.Account_01_Register" name="Register_02_Invalid_Email" time="1.180"/>
  <testcase classname="com.nopcommerce.account.Account_01_Register" name="Register_04_Existing_Email" time="0.617"/>
  <testcase classname="com.nopcommerce.account.Account_01_Register" name="Register_06_Not_Matching_Password" time="1.687"/>
  <testcase classname="com.nopcommerce.account.Account_01_Register" name="Register_02_Invalid_Email" time="0.759"/>
  <testcase classname="com.nopcommerce.account.Account_01_Register" name="Register_05_Password_Less_Than_6_Characters" time="0.849"/>
</testsuite> <!-- com.nopcommerce.account.Account_01_Register -->
