<?xml version="1.0" encoding="UTF-8"?>
<!-- Generated by org.testng.reporters.JUnitReportReporter -->
<testsuite hostname="DESKTOP-GURKCGD" failures="0" tests="18" name="com.nopcommerce.account.Account_01_Register" time="16.019" errors="0" timestamp="15 Oct 2024 07:53:46 GMT" skipped="0">
  <testcase classname="com.nopcommerce.account.Account_01_Register" name="Register_04_Existing_Email" time="0.813"/>
  <testcase classname="com.nopcommerce.account.Account_01_Register" name="Register_06_Not_Matching_Password" time="0.690"/>
  <testcase classname="com.nopcommerce.account.Account_01_Register" name="Register_04_Existing_Email" time="0.620"/>
  <testcase classname="com.nopcommerce.account.Account_01_Register" name="Register_01_Empty" time="0.338"/>
  <testcase classname="com.nopcommerce.account.Account_01_Register" name="Register_03_Successful" time="1.541"/>
  <testcase classname="com.nopcommerce.account.Account_01_Register" name="Register_05_Password_Less_Than_6_Characters" time="0.863"/>
  <testcase classname="com.nopcommerce.account.Account_01_Register" name="Register_03_Successful" time="1.240"/>
  <testcase classname="com.nopcommerce.account.Account_01_Register" name="Register_02_Invalid_Email" time="0.781"/>
  <testcase classname="com.nopcommerce.account.Account_01_Register" name="Register_06_Not_Matching_Password" time="1.637"/>
  <testcase classname="com.nopcommerce.account.Account_01_Register" name="Register_01_Empty" time="0.753"/>
  <testcase classname="com.nopcommerce.account.Account_01_Register" name="Register_02_Invalid_Email" time="0.801"/>
  <testcase classname="com.nopcommerce.account.Account_01_Register" name="Register_01_Empty" time="0.334"/>
  <testcase classname="com.nopcommerce.account.Account_01_Register" name="Register_02_Invalid_Email" time="1.154"/>
  <testcase classname="com.nopcommerce.account.Account_01_Register" name="Register_05_Password_Less_Than_6_Characters" time="0.995"/>
  <testcase classname="com.nopcommerce.account.Account_01_Register" name="Register_03_Successful" time="1.154"/>
  <testcase classname="com.nopcommerce.account.Account_01_Register" name="Register_06_Not_Matching_Password" time="0.758"/>
  <testcase classname="com.nopcommerce.account.Account_01_Register" name="Register_05_Password_Less_Than_6_Characters" time="0.833"/>
  <testcase classname="com.nopcommerce.account.Account_01_Register" name="Register_04_Existing_Email" time="0.714"/>
</testsuite> <!-- com.nopcommerce.account.Account_01_Register -->
