<?xml version="1.0" encoding="UTF-8"?>
<!-- Generated by org.testng.reporters.JUnitReportReporter -->
<testsuite hostname="DESKTOP-GURKCGD" failures="0" tests="6" name="com.nopcommerce.account.Account_01_Register" time="6.966" errors="0" timestamp="05 Nov 2024 05:24:50 GMT" skipped="0">
  <testcase classname="com.nopcommerce.account.Account_01_Register" name="Register_03_Successful" time="1.591"/>
  <testcase classname="com.nopcommerce.account.Account_01_Register" name="Register_04_Existing_Email" time="0.804"/>
  <testcase classname="com.nopcommerce.account.Account_01_Register" name="Register_06_Not_Matching_Password" time="1.631"/>
  <testcase classname="com.nopcommerce.account.Account_01_Register" name="Register_02_Invalid_Email" time="1.225"/>
  <testcase classname="com.nopcommerce.account.Account_01_Register" name="Register_01_Empty" time="0.729"/>
  <testcase classname="com.nopcommerce.account.Account_01_Register" name="Register_05_Password_Less_Than_6_Characters" time="0.986"/>
</testsuite> <!-- com.nopcommerce.account.Account_01_Register -->
